Flow report for DE2_115_Default
Fri Dec 13 09:02:13 2024
Quartus Prime Version 22.1std.0 Build 915 10/25/2022 SC Lite Edition


---------------------
; Table of Contents ;
---------------------
  1. Legal Notice
  2. Flow Summary
  3. Flow Settings
  4. Flow Non-Default Global Settings
  5. Flow Elapsed Time
  6. Flow OS Summary
  7. Flow Log
  8. Flow Messages
  9. Flow Suppressed Messages



----------------
; Legal Notice ;
----------------
Copyright (C) 2022  Intel Corporation. All rights reserved.
Your use of Intel Corporation's design tools, logic functions 
and other software and tools, and any partner logic 
functions, and any output files from any of the foregoing 
(including device programming or simulation files), and any 
associated documentation or information are expressly subject 
to the terms and conditions of the Intel Program License 
Subscription Agreement, the Intel Quartus Prime License Agreement,
the Intel FPGA IP License Agreement, or other applicable license
agreement, including, without limitation, that your use is for
the sole purpose of programming logic devices manufactured by
Intel and sold by Intel or its authorized distributors.  Please
refer to the applicable agreement for further details, at
https://fpgasoftware.intel.com/eula.



+-------------------------------------------------------------------------------------+
; Flow Summary                                                                        ;
+------------------------------------+------------------------------------------------+
; Flow Status                        ; Successful - Fri Dec 13 09:02:09 2024          ;
; Quartus Prime Version              ; 22.1std.0 Build 915 10/25/2022 SC Lite Edition ;
; Revision Name                      ; DE2_115_Default                                ;
; Top-level Entity Name              ; DE2_115_Default                                ;
; Family                             ; Cyclone IV E                                   ;
; Device                             ; EP4CE115F29C7                                  ;
; Timing Models                      ; Final                                          ;
; Total logic elements               ; 2,414 / 114,480 ( 2 % )                        ;
;     Total combinational functions  ; 2,380 / 114,480 ( 2 % )                        ;
;     Dedicated logic registers      ; 241 / 114,480 ( < 1 % )                        ;
; Total registers                    ; 241                                            ;
; Total pins                         ; 518 / 529 ( 98 % )                             ;
; Total virtual pins                 ; 0                                              ;
; Total memory bits                  ; 0 / 3,981,312 ( 0 % )                          ;
; Embedded Multiplier 9-bit elements ; 0 / 532 ( 0 % )                                ;
; Total PLLs                         ; 1 / 4 ( 25 % )                                 ;
+------------------------------------+------------------------------------------------+


+-----------------------------------------+
; Flow Settings                           ;
+-------------------+---------------------+
; Option            ; Setting             ;
+-------------------+---------------------+
; Start date & time ; 12/13/2024 08:55:04 ;
; Main task         ; Compilation         ;
; Revision Name     ; DE2_115_Default     ;
+-------------------+---------------------+


+----------------------------------------------------------------------------------------------------------------------------------------------------------+
; Flow Non-Default Global Settings                                                                                                                         ;
+-------------------------------------+---------------------------------------------------------------------+---------------+-------------+----------------+
; Assignment Name                     ; Value                                                               ; Default Value ; Entity Name ; Section Id     ;
+-------------------------------------+---------------------------------------------------------------------+---------------+-------------+----------------+
; COMPILER_SIGNATURE_ID               ; 198112228864371.173409090415204                                     ; --            ; --          ; --             ;
; MAX_CORE_JUNCTION_TEMP              ; 85                                                                  ; --            ; --          ; --             ;
; MIN_CORE_JUNCTION_TEMP              ; 0                                                                   ; --            ; --          ; --             ;
; MISC_FILE                           ; D:/Assignment/DE2_115_Default/DE2_115_Default.dpf                   ; --            ; --          ; --             ;
; MISC_FILE                           ; E:/SVN/DE2_115/trunk/ref_design/DE2_115_Default/DE2_115_Default.dpf ; --            ; --          ; --             ;
; MISC_FILE                           ; E:/DE2_115_NEW/trunk/ref_design/DE2_115_Default/DE2_115_Default.dpf ; --            ; --          ; --             ;
; NUM_PARALLEL_PROCESSORS             ; 2                                                                   ; --            ; --          ; --             ;
; PARTITION_COLOR                     ; -- (Not supported for targeted family)                              ; --            ; --          ; Top            ;
; PARTITION_FITTER_PRESERVATION_LEVEL ; -- (Not supported for targeted family)                              ; --            ; --          ; Top            ;
; PARTITION_NETLIST_TYPE              ; -- (Not supported for targeted family)                              ; --            ; --          ; Top            ;
; POWER_BOARD_THERMAL_MODEL           ; None (CONSERVATIVE)                                                 ; --            ; --          ; --             ;
; POWER_PRESET_COOLING_SOLUTION       ; 23 MM HEAT SINK WITH 200 LFPM AIRFLOW                               ; --            ; --          ; --             ;
; SMART_RECOMPILE                     ; On                                                                  ; Off           ; --          ; --             ;
; USE_GENERATED_PHYSICAL_CONSTRAINTS  ; Off                                                                 ; --            ; --          ; eda_blast_fpga ;
+-------------------------------------+---------------------------------------------------------------------+---------------+-------------+----------------+


+--------------------------------------------------------------------------------------------------------------------------+
; Flow Elapsed Time                                                                                                        ;
+----------------------+--------------+-------------------------+---------------------+------------------------------------+
; Module Name          ; Elapsed Time ; Average Processors Used ; Peak Virtual Memory ; Total CPU Time (on all processors) ;
+----------------------+--------------+-------------------------+---------------------+------------------------------------+
; Analysis & Synthesis ; 00:06:30     ; 1.0                     ; 4937 MB             ; 00:02:27                           ;
; Fitter               ; 00:00:26     ; 1.0                     ; 5485 MB             ; 00:00:10                           ;
; Assembler            ; 00:00:04     ; 1.0                     ; 4733 MB             ; 00:00:01                           ;
; Timing Analyzer      ; 00:00:03     ; 1.0                     ; 4885 MB             ; 00:00:01                           ;
; Total                ; 00:07:03     ; --                      ; --                  ; 00:02:39                           ;
+----------------------+--------------+-------------------------+---------------------+------------------------------------+


+------------------------------------------------------------------------------------+
; Flow OS Summary                                                                    ;
+----------------------+------------------+------------+------------+----------------+
; Module Name          ; Machine Hostname ; OS Name    ; OS Version ; Processor type ;
+----------------------+------------------+------------+------------+----------------+
; Analysis & Synthesis ; Oswald           ; Windows 10 ; 10.0       ; x86_64         ;
; Fitter               ; Oswald           ; Windows 10 ; 10.0       ; x86_64         ;
; Assembler            ; Oswald           ; Windows 10 ; 10.0       ; x86_64         ;
; Timing Analyzer      ; Oswald           ; Windows 10 ; 10.0       ; x86_64         ;
+----------------------+------------------+------------+------------+----------------+


------------
; Flow Log ;
------------
quartus_map --read_settings_files=on --write_settings_files=off DE2_115_Default -c DE2_115_Default
quartus_fit --read_settings_files=off --write_settings_files=off DE2_115_Default -c DE2_115_Default
quartus_asm --read_settings_files=off --write_settings_files=off DE2_115_Default -c DE2_115_Default
quartus_sta DE2_115_Default -c DE2_115_Default



